[debug] [2025-06-15T17:19:24.421Z] ----------------------------------------------------------------------
[debug] [2025-06-15T17:19:24.427Z] Command:       C:\Program Files\nodejs\node.exe C:\Users\Hassan Ahmed\AppData\Roaming\npm\node_modules\firebase-tools\lib\bin\firebase.js init
[debug] [2025-06-15T17:19:24.428Z] CLI Version:   14.7.0
[debug] [2025-06-15T17:19:24.428Z] Platform:      win32
[debug] [2025-06-15T17:19:24.429Z] Node Version:  v22.16.0
[debug] [2025-06-15T17:19:24.429Z] Time:          Sun Jun 15 2025 22:19:24 GMT+0500 (Pakistan Standard Time)
[debug] [2025-06-15T17:19:24.429Z] ----------------------------------------------------------------------
[debug] 
[debug] [2025-06-15T17:19:24.441Z] > command requires scopes: ["email","openid","https://www.googleapis.com/auth/cloudplatformprojects.readonly","https://www.googleapis.com/auth/firebase","https://www.googleapis.com/auth/cloud-platform"]
[debug] [2025-06-15T17:19:24.442Z] > authorizing via signed-in user (hassanahmedawan128@gmail.com)
[info] 
     ######## #### ########  ######## ########     ###     ######  ########
     ##        ##  ##     ## ##       ##     ##  ##   ##  ##       ##
     ######    ##  ########  ######   ########  #########  ######  ######
     ##        ##  ##    ##  ##       ##     ## ##     ##       ## ##
     ##       #### ##     ## ######## ########  ##     ##  ######  ########

You're about to initialize a Firebase project in this directory:

  C:\Users\Hassan Ahmed\OneDrive\Desktop\CineSpot

[debug] [2025-06-15T17:19:49.345Z] ExitPromptError: User force closed the prompt with SIGINT
    at Interface.sigint (C:\Users\Hassan Ahmed\AppData\Roaming\npm\node_modules\firebase-tools\node_modules\@inquirer\core\dist\commonjs\lib\create-prompt.js:101:37)
    at Interface.emit (node:events:518:28)
    at Interface.emit (node:domain:489:12)
    at [_ttyWrite] [as _ttyWrite] (node:internal/readline/interface:1128:18)
    at ReadStream.onkeypress (node:internal/readline/interface:267:20)
    at ReadStream.emit (node:events:530:35)
    at ReadStream.emit (node:domain:489:12)
    at emitKeys (node:internal/readline/utils:370:14)
    at emitKeys.next (<anonymous>)
    at ReadStream.onData (node:internal/readline/emitKeypressEvents:64:36)
[error] 
[error] Error: An unexpected error has occurred.
